\BOOKMARK [0][-]{section*.5}{Lecture \(\) Pigeon Hole Principle and Basic Applications}{}% 1
\BOOKMARK [1][-]{section.1.1}{Quick Recap on Proof Techniques}{section*.5}% 2
\BOOKMARK [1][-]{section.1.2}{The Pigeon Hole Principle \(PHP\)}{section*.5}% 3
\BOOKMARK [2][-]{subsection.1.2.1}{A Quick Example: }{section.1.2}% 4
\BOOKMARK [1][-]{section.1.3}{Numbers and Remainders}{section*.5}% 5
\BOOKMARK [1][-]{section.1.4}{Graphs}{section*.5}% 6
\BOOKMARK [1][-]{section.1.6}{Discussion Session}{section*.5}% 7
\BOOKMARK [0][-]{section*.8}{Lecture \(\) Multichoosing}{}% 8
\BOOKMARK [1][-]{section.5.1}{Introduction}{section*.8}% 9
\BOOKMARK [1][-]{section.5.2}{Equivalent bijections}{section*.8}% 10
\BOOKMARK [2][-]{subsection.5.2.1}{Non-negative solutions}{section.5.2}% 11
\BOOKMARK [2][-]{subsection.5.2.2}{Voting problem}{section.5.2}% 12
\BOOKMARK [2][-]{subsection.5.2.3}{Non-decreasing subsequences}{section.5.2}% 13
\BOOKMARK [2][-]{subsection.5.2.4}{Stars and bars problem}{section.5.2}% 14
\BOOKMARK [1][-]{section.5.3}{Algebraic expression}{section*.8}% 15
\BOOKMARK [1][-]{section.5.4}{Identities}{section*.8}% 16
\BOOKMARK [0][-]{section*.17}{Lecture \(\) Catlan Bijections}{}% 17
\BOOKMARK [1][-]{section.6.1}{Introduction}{section*.17}% 18
\BOOKMARK [1][-]{section.6.2}{Equivalent Bijections}{section*.17}% 19
\BOOKMARK [1][-]{section.6.3}{Algebraic Expression}{section*.17}% 20
\BOOKMARK [2][-]{subsection.6.3.1}{Monotone walk on nn grid}{section.6.3}% 21
\BOOKMARK [2][-]{subsection.6.3.2}{Diagonal avoiding paths and Catlan numbers}{section.6.3}% 22
\BOOKMARK [2][-]{subsection.6.3.3}{Bijection from Diagonal avoiding paths to Balanced parenthesisation problem}{section.6.3}% 23
\BOOKMARK [2][-]{subsection.6.3.4}{Counting the number of diagonal avoiding paths}{section.6.3}% 24
\BOOKMARK [0][-]{section*.25}{Lecture \(\) From Bijections to PIE}{}% 25
\BOOKMARK [1][-]{section.7.1}{Introduction}{section*.25}% 26
\BOOKMARK [1][-]{section.7.2}{The Identities}{section*.25}% 27
\BOOKMARK [2][-]{subsection.7.2.1}{Proof for Eqn. \(7.9\)}{section.7.2}% 28
\BOOKMARK [2][-]{subsection.7.2.2}{Proof for Eqn. \(7.10\)}{section.7.2}% 29
\BOOKMARK [1][-]{section.7.3}{Principle of Inclusion and Exclusion}{section*.25}% 30
\BOOKMARK [1][-]{section.7.4}{Discussions}{section*.25}% 31
\BOOKMARK [0][-]{section*.31}{Lecture \(\) PIE and three applications}{}% 32
\BOOKMARK [1][-]{section.8.1}{Introduction}{section*.31}% 33
\BOOKMARK [1][-]{section.8.2}{Principle of Inclusion - Exclusion\(PIE\)}{section*.31}% 34
\BOOKMARK [1][-]{section.8.3}{Applications of PIE}{section*.31}% 35
\BOOKMARK [2][-]{subsection.8.3.1}{Counting the number of derangements on n elements.}{section.8.3}% 36
\BOOKMARK [2][-]{subsection.8.3.2}{Euler's \040function.}{section.8.3}% 37
\BOOKMARK [2][-]{subsection.8.3.3}{Probability that two natural numbers are co-primes}{section.8.3}% 38
\BOOKMARK [0][-]{section*.42}{Lecture \(\) Surjections and Stirling numbers}{}% 39
\BOOKMARK [1][-]{section.9.1}{Introduction}{section*.42}% 40
\BOOKMARK [1][-]{section.9.2}{Applications of PIE}{section*.42}% 41
\BOOKMARK [2][-]{subsection.9.2.1}{Number of surjections from [m] to [n]}{section.9.2}% 42
\BOOKMARK [1][-]{section.9.3}{Stirling numbers of the second kind}{section*.42}% 43
\BOOKMARK [1][-]{section.9.4}{Instances of Stirling numbers of the second kind}{section*.42}% 44
\BOOKMARK [2][-]{subsection.9.4.1}{nth derivative of eex}{section.9.4}% 45
\BOOKMARK [2][-]{subsection.9.4.2}{Falling factorials of x}{section.9.4}% 46
\BOOKMARK [1][-]{section.9.5}{Other interesting types of numbers}{section*.42}% 47
\BOOKMARK [2][-]{subsection.9.5.1}{Bell numbers \(Bn\) }{section.9.5}% 48
\BOOKMARK [2][-]{subsection.9.5.2}{Stirling numbers of the first kind \(n []k\)}{section.9.5}% 49
\BOOKMARK [0][-]{section*.49}{Lecture \(\) Tutte\220s Matrix Tree Theorem and counting arborescences}{}% 50
\BOOKMARK [1][-]{section.10.1}{Introduction}{section*.49}% 51
\BOOKMARK [1][-]{section.10.2}{Kirchoff\220s Matrix Tree Theorem}{section*.49}% 52
\BOOKMARK [1][-]{section.10.3}{Determinant of a Matrix}{section*.49}% 53
\BOOKMARK [1][-]{section.10.4}{Applications of PIE}{section*.49}% 54
\BOOKMARK [2][-]{subsection.10.4.1}{Tutte\220s Matrix Tree Theorem}{section.10.4}% 55
\BOOKMARK [0][-]{chapter.11}{Supplementary Material}{}% 56
\BOOKMARK [1][-]{section.11.1}{Curiosity Collection}{chapter.11}% 57
\BOOKMARK [1][-]{section.11.2}{Exercises}{chapter.11}% 58
\BOOKMARK [1][-]{section.11.3}{Problem Sets}{chapter.11}% 59
\BOOKMARK [2][-]{subsection.11.3.1}{ Problem Set \0431}{section.11.3}% 60
